Calendar/build/intermediates/manifest_merge_blame_file/debug/manifest-merger-blame-debug-report.txt
1<?xml version="1.0" encoding="utf-8"?>
2<manifest xmlns:android="http://schemas.android.com/apk/res/android"
3    package="com.lodong.calendar" >
4
5    <uses-sdk
6        android:minSdkVersion="24"
6-->src\main\AndroidManifest.xml
7        android:targetSdkVersion="32" />
7-->src\main\AndroidManifest.xml
8
9    <application>
9-->src\main\AndroidManifest.xml:4:5-12:19
10        <activity
10-->src\main\AndroidManifest.xml:5:9-11:20
11            android:name="com.lodong.calendar.MainActivity"
11-->src\main\AndroidManifest.xml:6:13-41
12            android:exported="false" >
12-->src\main\AndroidManifest.xml:7:13-37
13            <meta-data
13-->src\main\AndroidManifest.xml:8:13-10:36
14                android:name="android.app.lib_name"
14-->src\main\AndroidManifest.xml:9:17-52
15                android:value="" />
15-->src\main\AndroidManifest.xml:10:17-33
16        </activity>
17    </application>
18
19</manifest>